<?xml version="1.0" encoding="UTF-8"?>
<testng-results ignored="0" total="1" passed="1" failed="0" skipped="0">
  <reporter-output>
  </reporter-output>
  <suite started-at="2022-11-29T11:25:40 IST" name="Suite" finished-at="2022-11-29T11:25:44 IST" duration-ms="4308">
    <groups>
    </groups>
    <test started-at="2022-11-29T11:25:40 IST" name="Test" finished-at="2022-11-29T11:25:44 IST" duration-ms="4308">
      <class name="com.Challege1.mavenProject.ProjectRun">
        <test-method is-config="true" signature="loadBrowser()[pri:0, instance:com.Challege1.mavenProject.ProjectRun@1da2cb77]" started-at="2022-11-29T11:25:40 IST" name="loadBrowser" finished-at="2022-11-29T11:25:44 IST" duration-ms="3922" status="PASS">
          <reporter-output>
          </reporter-output>
        </test-method> <!-- loadBrowser -->
        <test-method signature="load()[pri:1, instance:com.Challege1.mavenProject.ProjectRun@1da2cb77]" started-at="2022-11-29T11:25:44 IST" name="load" finished-at="2022-11-29T11:25:44 IST" duration-ms="307" status="PASS">
          <reporter-output>
          </reporter-output>
        </test-method> <!-- load -->
      </class> <!-- com.Challege1.mavenProject.ProjectRun -->
    </test> <!-- Test -->
  </suite> <!-- Suite -->
</testng-results>
